2026-03-30 23:22:38,126 INFO o.a.j.u.JMeterUtils: Setting Locale to en_EN
2026-03-30 23:22:38,161 INFO o.a.j.JMeter: Loading user properties from: C:\Apache Jmeter\apache-jmeter-5.6.3\bin\user.properties
2026-03-30 23:22:38,161 INFO o.a.j.JMeter: Loading system properties from: C:\Apache Jmeter\apache-jmeter-5.6.3\bin\system.properties
2026-03-30 23:22:38,165 INFO o.a.j.JMeter: Copyright (c) 1998-2024 The Apache Software Foundation
2026-03-30 23:22:38,165 INFO o.a.j.JMeter: Version 5.6.3
2026-03-30 23:22:38,165 INFO o.a.j.JMeter: java.version=22.0.1
2026-03-30 23:22:38,165 INFO o.a.j.JMeter: java.vm.name=Java HotSpot(TM) 64-Bit Server VM
2026-03-30 23:22:38,165 INFO o.a.j.JMeter: os.name=Windows 11
2026-03-30 23:22:38,165 INFO o.a.j.JMeter: os.arch=amd64
2026-03-30 23:22:38,165 INFO o.a.j.JMeter: os.version=10.0
2026-03-30 23:22:38,165 INFO o.a.j.JMeter: file.encoding=UTF-8
2026-03-30 23:22:38,166 INFO o.a.j.JMeter: java.awt.headless=null
2026-03-30 23:22:38,166 INFO o.a.j.JMeter: Max memory     =1073741824
2026-03-30 23:22:38,166 INFO o.a.j.JMeter: Available Processors =32
2026-03-30 23:22:38,173 INFO o.a.j.JMeter: Default Locale=English (EN)
2026-03-30 23:22:38,174 INFO o.a.j.JMeter: JMeter  Locale=English (EN)
2026-03-30 23:22:38,174 INFO o.a.j.JMeter: JMeterHome=C:\Apache Jmeter\apache-jmeter-5.6.3
2026-03-30 23:22:38,174 INFO o.a.j.JMeter: user.dir  =C:\Users\Pc\OneDrive\Área de Trabalho\TestesEmpresas\Agibank\Teste-Performance-Agibank-South-System
2026-03-30 23:22:38,174 INFO o.a.j.JMeter: PWD       =C:\Users\Pc\OneDrive\Área de Trabalho\TestesEmpresas\Agibank\Teste-Performance-Agibank-South-System
2026-03-30 23:22:38,176 INFO o.a.j.JMeter: IP: 172.19.224.1 Name: GelsonSantana FullName: GelsonSantana.mshome.net
